This is pdfTeX, Version 3.14159265-2.6-1.40.18 (TeX Live 2017/Debian) (preloaded format=pdflatex 2018.11.27)  1 DEC 2018 15:17
entering extended mode
 \write18 enabled.
 file:line:error style messages enabled.
 %&-line parsing enabled.
**\PassOptionsToClass{tikzexport}{ximera}\PassOptionsToClass{xake}{ximera}\Pass
OptionsToClass{xake}{xourse}\nonstopmode\input{ArchimedesAndEstimation.tex}
(./ArchimedesAndEstimation.tex

! LaTeX Error: File `ximera.cls' not found.

Type X to quit or <RETURN> to proceed,
or enter new name. (Default extension: cls)

Enter file name: 
./ArchimedesAndEstimation.tex:2: Emergency stop.
<read *> 
         
l.2 ^^M
       
*** (cannot \read from terminal in nonstop modes)

 
Here is how much of TeX's memory you used:
 11 strings out of 492982
 265 string characters out of 6134895
 53923 words of memory out of 5000000
 3675 multiletter control sequences out of 15000+600000
 3640 words of font info for 14 fonts, out of 8000000 for 9000
 1141 hyphenation exceptions out of 8191
 11i,0n,7p,189b,8s stack positions out of 5000i,500n,10000p,200000b,80000s
./ArchimedesAndEstimation.tex:2:  ==> Fatal error occurred, no output PDF file 
produced!
