\BOOKMARK [1][-]{section*.1}{1 Earliest Mathematics}{}% 1
\BOOKMARK [1][-]{section*.2}{Readings}{}% 2
\BOOKMARK [1][-]{section*.3}{Questions}{}% 3
\BOOKMARK [1][-]{section*.4}{2 Begin to Count}{}% 4
\BOOKMARK [1][-]{section*.5}{3 Solve Like an Egyptian}{}% 5
\BOOKMARK [1][-]{section*.6}{Readings}{}% 6
\BOOKMARK [1][-]{section*.7}{Questions}{}% 7
\BOOKMARK [1][-]{section*.8}{4 The method of false position}{}% 8
\BOOKMARK [1][-]{section*.9}{5 Babylonian Basics}{}% 9
\BOOKMARK [1][-]{section*.10}{Readings}{}% 10
\BOOKMARK [1][-]{section*.11}{Questions}{}% 11
\BOOKMARK [1][-]{section*.12}{6 Babylonian numbers}{}% 12
\BOOKMARK [1][-]{section*.13}{7 Babylonian Geometry}{}% 13
\BOOKMARK [1][-]{section*.14}{Readings}{}% 14
\BOOKMARK [1][-]{section*.15}{Questions}{}% 15
\BOOKMARK [1][-]{section*.16}{8 The Beginning of the Greek Era}{}% 16
\BOOKMARK [1][-]{section*.17}{Readings}{}% 17
\BOOKMARK [1][-]{section*.18}{Questions}{}% 18
\BOOKMARK [1][-]{section*.19}{9 Rational numbers and similarity}{}% 19
\BOOKMARK [1][-]{section*.20}{10 Pythagorean Mathematics}{}% 20
\BOOKMARK [1][-]{section*.21}{Readings}{}% 21
\BOOKMARK [1][-]{section*.22}{Questions}{}% 22
\BOOKMARK [1][-]{section*.23}{11 Pythagorean means}{}% 23
\BOOKMARK [1][-]{section*.24}{12 Circles and Lunes}{}% 24
\BOOKMARK [1][-]{section*.25}{Readings}{}% 25
\BOOKMARK [1][-]{section*.26}{Questions}{}% 26
\BOOKMARK [1][-]{section*.27}{13 Computing quadratures}{}% 27
\BOOKMARK [1][-]{section*.28}{14 The Three Problems of Antiquity}{}% 28
\BOOKMARK [1][-]{section*.29}{Readings}{}% 29
\BOOKMARK [1][-]{section*.30}{Questions}{}% 30
\BOOKMARK [1][-]{section*.31}{15 It's All Greek To Me!}{}% 31
\BOOKMARK [1][-]{section*.32}{16 Trisecting}{}% 32
\BOOKMARK [1][-]{section*.33}{Readings}{}% 33
\BOOKMARK [1][-]{section*.34}{Questions}{}% 34
\BOOKMARK [1][-]{section*.35}{17 Proofs of the Pythagorean Theorem}{}% 35
\BOOKMARK [1][-]{section*.36}{Readings}{}% 36
\BOOKMARK [1][-]{section*.37}{Questions}{}% 37
\BOOKMARK [1][-]{section*.38}{18 Euclid's Elements}{}% 38
\BOOKMARK [1][-]{section*.39}{19 The Pythagorean Theorem}{}% 39
\BOOKMARK [1][-]{section*.40}{20 Unsolved Problems}{}% 40
\BOOKMARK [1][-]{section*.41}{Readings}{}% 41
\BOOKMARK [1][-]{section*.42}{Questions}{}% 42
\BOOKMARK [1][-]{section*.43}{21 The unique factorization theorem}{}% 43
\BOOKMARK [1][-]{section*.44}{22 On the Infinitude of Primes}{}% 44
\BOOKMARK [1][-]{section*.45}{Readings}{}% 45
\BOOKMARK [1][-]{section*.46}{Questions}{}% 46
\BOOKMARK [1][-]{section*.47}{23 Pi}{}% 47
\BOOKMARK [1][-]{section*.48}{Readings}{}% 48
\BOOKMARK [1][-]{section*.49}{Questions}{}% 49
\BOOKMARK [1][-]{section*.50}{24 Estimating Pi}{}% 50
\BOOKMARK [1][-]{section*.51}{25 Archimedes and Estimation}{}% 51
\BOOKMARK [1][-]{section*.52}{Readings}{}% 52
\BOOKMARK [1][-]{section*.53}{Questions}{}% 53
\BOOKMARK [1][-]{section*.54}{26 Mathematicians after Archimedes}{}% 54
\BOOKMARK [1][-]{section*.55}{Readings}{}% 55
\BOOKMARK [1][-]{section*.56}{Questions}{}% 56
\BOOKMARK [1][-]{section*.57}{27 Heron's formula}{}% 57
\BOOKMARK [1][-]{section*.58}{28 Arabic Mathematics}{}% 58
\BOOKMARK [1][-]{section*.59}{Readings}{}% 59
\BOOKMARK [1][-]{section*.60}{Questions}{}% 60
\BOOKMARK [1][-]{section*.61}{29 The Beginning of the Modern Era}{}% 61
\BOOKMARK [1][-]{section*.62}{Readings}{}% 62
\BOOKMARK [1][-]{section*.63}{Questions}{}% 63
\BOOKMARK [1][-]{section*.64}{30 Solving equations}{}% 64
\BOOKMARK [1][-]{section*.65}{31 Mathematical Notation}{}% 65
\BOOKMARK [1][-]{section*.66}{Readings}{}% 66
\BOOKMARK [1][-]{section*.67}{Questions}{}% 67
\BOOKMARK [1][-]{section*.68}{32 Logarithms and Multiplication}{}% 68
\BOOKMARK [1][-]{section*.69}{Readings}{}% 69
\BOOKMARK [1][-]{section*.70}{Questions}{}% 70
\BOOKMARK [1][-]{section*.71}{33 The binomial theorem and }{}% 71
\BOOKMARK [1][-]{section*.72}{34 Fermat's Last Theorem}{}% 72
\BOOKMARK [1][-]{section*.73}{Readings}{}% 73
\BOOKMARK [1][-]{section*.74}{Questions}{}% 74
\BOOKMARK [1][-]{section*.75}{35 Newton and Leibniz}{}% 75
\BOOKMARK [1][-]{section*.76}{Readings}{}% 76
\BOOKMARK [1][-]{section*.77}{Questions}{}% 77
\BOOKMARK [1][-]{section*.78}{36 Leibniz and series}{}% 78
\BOOKMARK [1][-]{section*.79}{37 Proofs that the Harmonic Series Diverges}{}% 79
\BOOKMARK [1][-]{section*.80}{Readings}{}% 80
\BOOKMARK [1][-]{section*.81}{Questions}{}% 81
\BOOKMARK [1][-]{section*.82}{38 The Riemann Hypothesis}{}% 82
\BOOKMARK [1][-]{section*.83}{Readings}{}% 83
\BOOKMARK [1][-]{section*.84}{Questions}{}% 84
\BOOKMARK [1][-]{section*.85}{39 Bernoulli, Euler, and series}{}% 85
\BOOKMARK [1][-]{section*.86}{40 Very Large Primes}{}% 86
\BOOKMARK [1][-]{section*.87}{Readings}{}% 87
\BOOKMARK [1][-]{section*.88}{Questions}{}% 88
\BOOKMARK [1][-]{section*.89}{41 Euler and Fermat}{}% 89
\BOOKMARK [1][-]{section*.90}{42 Gauss, The Prince of Mathematicians}{}% 90
\BOOKMARK [1][-]{section*.91}{Readings}{}% 91
\BOOKMARK [1][-]{section*.92}{Questions}{}% 92
\BOOKMARK [1][-]{section*.93}{43 Contemplating the Infinite}{}% 93
\BOOKMARK [1][-]{section*.94}{Readings}{}% 94
\BOOKMARK [1][-]{section*.95}{Questions}{}% 95
\BOOKMARK [1][-]{section*.96}{44 Cantor Can!}{}% 96
\BOOKMARK [1][-]{section*.97}{45 The Twentieth Century and Beyond}{}% 97
\BOOKMARK [1][-]{section*.98}{Readings}{}% 98
\BOOKMARK [1][-]{section*.99}{Questions}{}% 99
\BOOKMARK [1][-]{section*.100}{46 Who's Who}{}% 100
\BOOKMARK [1][-]{section*.101}{47 Limits of axioms}{}% 101
