This is pdfTeX, Version 3.14159265-2.6-1.40.18 (TeX Live 2017/Arch Linux) (preloaded format=latex 2017.11.21)  5 JAN 2018 13:08
entering extended mode
 \write18 enabled.
 file:line:error style messages enabled.
 %&-line parsing enabled.
**\makeatletter\def\HCode{\futurelet\HCode\HChar}\def\HChar{\ifx"\HCode\def\HCo
de"##1"{\Link##1}\expandafter\HCode\else\expandafter\Link\fi}\def\Link#1.a.b.c.
{\g@addto@macro\@documentclasshook{\RequirePackage[#1,html]{tex4ht}}\let\HCode\
documentstyle\def\documentstyle{\let\documentstyle\HCode\expandafter\def\csname
 tex4ht\endcsname{#1,html}\def\HCode####1{\documentstyle[tex4ht,}\@ifnextchar[{
\HCode}{\documentstyle[tex4ht]}}}\makeatother\HCode ximera,charset=utf-8,-css.a
.b.c.\input  GaussPrinceMathematicians.tex
(./GaussPrinceMathematicians.tex
(/home/snapp/texmf/tex/latex/ximeraLatex/ximera.cls
Document Class: ximera 2016/08/17 Version 1.31 by Bart Snapp
(/usr/share/texmf-dist/tex/latex/base/article.cls
Document Class: article 2014/09/29 v1.4h Standard LaTeX document class
(/usr/share/texmf-dist/tex/latex/base/size10.clo
File: size10.clo 2014/09/29 v1.4h Standard LaTeX file (size option)
)
\c@part=\count79
\c@section=\count80
\c@subsection=\count81
\c@subsubsection=\count82
\c@paragraph=\count83
\c@subparagraph=\count84
\c@figure=\count85
\c@table=\count86
\abovecaptionskip=\skip41
\belowcaptionskip=\skip42
\bibindent=\dimen102
)
(/usr/share/texmf-dist/tex/latex/pgf/frontendlayer/tikz.sty
(/usr/share/texmf-dist/tex/latex/pgf/basiclayer/pgf.sty
(/usr/share/texmf-dist/tex/latex/pgf/utilities/pgfrcs.sty
(/usr/share/texmf-dist/tex/generic/pgf/utilities/pgfutil-common.tex
\pgfutil@everybye=\toks14
\pgfutil@tempdima=\dimen103
\pgfutil@tempdimb=\dimen104

(/usr/share/texmf-dist/tex/generic/pgf/utilities/pgfutil-common-lists.tex))
(/usr/share/texmf-dist/tex/generic/pgf/utilities/pgfutil-latex.def
\pgfutil@abb=\box26

(/usr/share/texmf-dist/tex/latex/ms/everyshi.sty
Package: everyshi 2001/05/15 v3.00 EveryShipout Package (MS)
))
(/usr/share/texmf-dist/tex/generic/pgf/utilities/pgfrcs.code.tex
Package: pgfrcs 2015/08/07 v3.0.1a (rcs-revision 1.31)
))
Package: pgf 2015/08/07 v3.0.1a (rcs-revision 1.15)

(/usr/share/texmf-dist/tex/latex/pgf/basiclayer/pgfcore.sty
(/usr/share/texmf-dist/tex/latex/graphics/graphicx.sty
Package: graphicx 2017/06/01 v1.1a Enhanced LaTeX Graphics (DPC,SPQR)

(/usr/share/texmf-dist/tex/latex/graphics/keyval.sty
Package: keyval 2014/10/28 v1.15 key=value parser (DPC)
\KV@toks@=\toks15
)
(/usr/share/texmf-dist/tex/latex/graphics/graphics.sty
Package: graphics 2017/06/25 v1.2c Standard LaTeX Graphics (DPC,SPQR)

(/usr/share/texmf-dist/tex/latex/graphics/trig.sty
Package: trig 2016/01/03 v1.10 sin cos tan (DPC)
)
(/usr/share/texmf-dist/tex/latex/graphics-cfg/graphics.cfg
File: graphics.cfg 2016/06/04 v1.11 sample graphics configuration
)
Package graphics Info: Driver file: dvips.def on input line 99.

(/usr/share/texmf-dist/tex/latex/graphics-def/dvips.def
File: dvips.def 2017/06/20 v3.1d Graphics/color driver for dvips
))
\Gin@req@height=\dimen105
\Gin@req@width=\dimen106
)
(/usr/share/texmf-dist/tex/latex/pgf/systemlayer/pgfsys.sty
(/usr/share/texmf-dist/tex/generic/pgf/systemlayer/pgfsys.code.tex
Package: pgfsys 2014/07/09 v3.0.1a (rcs-revision 1.48)

(/usr/share/texmf-dist/tex/generic/pgf/utilities/pgfkeys.code.tex
\pgfkeys@pathtoks=\toks16
\pgfkeys@temptoks=\toks17

(/usr/share/texmf-dist/tex/generic/pgf/utilities/pgfkeysfiltered.code.tex
\pgfkeys@tmptoks=\toks18
))
\pgf@x=\dimen107
\pgf@y=\dimen108
\pgf@xa=\dimen109
\pgf@ya=\dimen110
\pgf@xb=\dimen111
\pgf@yb=\dimen112
\pgf@xc=\dimen113
\pgf@yc=\dimen114
\w@pgf@writea=\write3
\r@pgf@reada=\read1
\c@pgf@counta=\count87
\c@pgf@countb=\count88
\c@pgf@countc=\count89
\c@pgf@countd=\count90
\t@pgf@toka=\toks19
\t@pgf@tokb=\toks20
\t@pgf@tokc=\toks21

(/usr/share/texmf-dist/tex/generic/pgf/systemlayer/pgf.cfg
File: pgf.cfg 2008/05/14  (rcs-revision 1.7)
)
Driver file for pgf: pgfsys-tex4ht.def

(/home/snapp/texmf/tex/latex/ximeraLatex/pgfsys-tex4ht.def
File: pgfsys-tex4ht.def 2013/08/06  (rcs-revision 1.25)

(/usr/share/texmf-dist/tex/generic/pgf/systemlayer/pgfsys-common-svg.def
File: pgfsys-common-svg.def 2013/08/28  (rcs-revision 1.24)
\pgf@sys@svg@objectcount=\count91
\pgf@sys@svg@scopecount=\count92
)
\pgf@sys@svg@picnum=\count93
\pgf@sys@svg@nodenum=\count94
\pgfsys@foreignobject@Box=\box27
\pgf@s=\dimen115
\pgf@t=\dimen116

(/usr/share/texmf-dist/tex/latex/xcolor/xcolor.sty
Package: xcolor 2016/05/11 v2.12 LaTeX color extensions (UK)

(/usr/share/texmf-dist/tex/latex/graphics-cfg/color.cfg
File: color.cfg 2016/01/02 v1.6 sample color configuration
)
Package xcolor Info: Driver file: dvips.def on input line 225.

(/usr/share/texmf-dist/tex/latex/colortbl/colortbl.sty
Package: colortbl 2012/02/13 v1.0a Color table columns (DPC)

(/usr/share/texmf-dist/tex/latex/tools/array.sty
Package: array 2016/10/06 v2.4d Tabular extension package (FMi)
\col@sep=\dimen117
\extrarowheight=\dimen118
\NC@list=\toks22
\extratabsurround=\skip43
\backup@length=\skip44
)
\everycr=\toks23
\minrowclearance=\skip45
)
\rownum=\count95
Package xcolor Info: Model `cmy' substituted by `cmy0' on input line 1348.
Package xcolor Info: Model `RGB' extended on input line 1364.
Package xcolor Info: Model `HTML' substituted by `rgb' on input line 1366.
Package xcolor Info: Model `Hsb' substituted by `hsb' on input line 1367.
Package xcolor Info: Model `tHsb' substituted by `hsb' on input line 1368.
Package xcolor Info: Model `HSB' substituted by `hsb' on input line 1369.
Package xcolor Info: Model `Gray' substituted by `gray' on input line 1370.
Package xcolor Info: Model `wave' substituted by `hsb' on input line 1371.
)))
(/usr/share/texmf-dist/tex/generic/pgf/systemlayer/pgfsyssoftpath.code.tex
File: pgfsyssoftpath.code.tex 2013/09/09  (rcs-revision 1.9)
\pgfsyssoftpath@smallbuffer@items=\count96
\pgfsyssoftpath@bigbuffer@items=\count97
)
(/usr/share/texmf-dist/tex/generic/pgf/systemlayer/pgfsysprotocol.code.tex
File: pgfsysprotocol.code.tex 2006/10/16  (rcs-revision 1.4)
))
(/usr/share/texmf-dist/tex/generic/pgf/basiclayer/pgfcore.code.tex
Package: pgfcore 2010/04/11 v3.0.1a (rcs-revision 1.7)

(/usr/share/texmf-dist/tex/generic/pgf/math/pgfmath.code.tex
(/usr/share/texmf-dist/tex/generic/pgf/math/pgfmathcalc.code.tex
(/usr/share/texmf-dist/tex/generic/pgf/math/pgfmathutil.code.tex)
(/usr/share/texmf-dist/tex/generic/pgf/math/pgfmathparser.code.tex
\pgfmath@dimen=\dimen119
\pgfmath@count=\count98
\pgfmath@box=\box28
\pgfmath@toks=\toks24
\pgfmath@stack@operand=\toks25
\pgfmath@stack@operation=\toks26
)
(/usr/share/texmf-dist/tex/generic/pgf/math/pgfmathfunctions.code.tex
(/usr/share/texmf-dist/tex/generic/pgf/math/pgfmathfunctions.basic.code.tex)
(/usr/share/texmf-dist/tex/generic/pgf/math/pgfmathfunctions.trigonometric.code
.tex)
(/usr/share/texmf-dist/tex/generic/pgf/math/pgfmathfunctions.random.code.tex)
(/usr/share/texmf-dist/tex/generic/pgf/math/pgfmathfunctions.comparison.code.te
x) (/usr/share/texmf-dist/tex/generic/pgf/math/pgfmathfunctions.base.code.tex)
(/usr/share/texmf-dist/tex/generic/pgf/math/pgfmathfunctions.round.code.tex)
(/usr/share/texmf-dist/tex/generic/pgf/math/pgfmathfunctions.misc.code.tex)
(/usr/share/texmf-dist/tex/generic/pgf/math/pgfmathfunctions.integerarithmetics
.code.tex))) (/usr/share/texmf-dist/tex/generic/pgf/math/pgfmathfloat.code.tex
\c@pgfmathroundto@lastzeros=\count99
)) (/usr/share/texmf-dist/tex/generic/pgf/basiclayer/pgfcorepoints.code.tex
File: pgfcorepoints.code.tex 2013/10/07  (rcs-revision 1.27)
\pgf@picminx=\dimen120
\pgf@picmaxx=\dimen121
\pgf@picminy=\dimen122
\pgf@picmaxy=\dimen123
\pgf@pathminx=\dimen124
\pgf@pathmaxx=\dimen125
\pgf@pathminy=\dimen126
\pgf@pathmaxy=\dimen127
\pgf@xx=\dimen128
\pgf@xy=\dimen129
\pgf@yx=\dimen130
\pgf@yy=\dimen131
\pgf@zx=\dimen132
\pgf@zy=\dimen133
)
(/usr/share/texmf-dist/tex/generic/pgf/basiclayer/pgfcorepathconstruct.code.tex
File: pgfcorepathconstruct.code.tex 2013/10/07  (rcs-revision 1.29)
\pgf@path@lastx=\dimen134
\pgf@path@lasty=\dimen135
) (/usr/share/texmf-dist/tex/generic/pgf/basiclayer/pgfcorepathusage.code.tex
File: pgfcorepathusage.code.tex 2014/11/02  (rcs-revision 1.24)
\pgf@shorten@end@additional=\dimen136
\pgf@shorten@start@additional=\dimen137
)
(/usr/share/texmf-dist/tex/generic/pgf/basiclayer/pgfcorescopes.code.tex
File: pgfcorescopes.code.tex 2015/05/08  (rcs-revision 1.46)
\pgfpic=\box29
\pgf@hbox=\box30
\pgf@layerbox@main=\box31
\pgf@picture@serial@count=\count100
)
(/usr/share/texmf-dist/tex/generic/pgf/basiclayer/pgfcoregraphicstate.code.tex
File: pgfcoregraphicstate.code.tex 2014/11/02  (rcs-revision 1.12)
\pgflinewidth=\dimen138
)
(/usr/share/texmf-dist/tex/generic/pgf/basiclayer/pgfcoretransformations.code.t
ex
File: pgfcoretransformations.code.tex 2015/08/07  (rcs-revision 1.20)
\pgf@pt@x=\dimen139
\pgf@pt@y=\dimen140
\pgf@pt@temp=\dimen141
) (/usr/share/texmf-dist/tex/generic/pgf/basiclayer/pgfcorequick.code.tex
File: pgfcorequick.code.tex 2008/10/09  (rcs-revision 1.3)
)
(/usr/share/texmf-dist/tex/generic/pgf/basiclayer/pgfcoreobjects.code.tex
File: pgfcoreobjects.code.tex 2006/10/11  (rcs-revision 1.2)
)
(/usr/share/texmf-dist/tex/generic/pgf/basiclayer/pgfcorepathprocessing.code.te
x
File: pgfcorepathprocessing.code.tex 2013/09/09  (rcs-revision 1.9)
) (/usr/share/texmf-dist/tex/generic/pgf/basiclayer/pgfcorearrows.code.tex
File: pgfcorearrows.code.tex 2015/05/14  (rcs-revision 1.43)
\pgfarrowsep=\dimen142
)
(/usr/share/texmf-dist/tex/generic/pgf/basiclayer/pgfcoreshade.code.tex
File: pgfcoreshade.code.tex 2013/07/15  (rcs-revision 1.15)
\pgf@max=\dimen143
\pgf@sys@shading@range@num=\count101
)
(/usr/share/texmf-dist/tex/generic/pgf/basiclayer/pgfcoreimage.code.tex
File: pgfcoreimage.code.tex 2013/07/15  (rcs-revision 1.18)

(/usr/share/texmf-dist/tex/generic/pgf/basiclayer/pgfcoreexternal.code.tex
File: pgfcoreexternal.code.tex 2014/07/09  (rcs-revision 1.21)
\pgfexternal@startupbox=\box32
))
(/usr/share/texmf-dist/tex/generic/pgf/basiclayer/pgfcorelayers.code.tex
File: pgfcorelayers.code.tex 2013/07/18  (rcs-revision 1.7)
)
(/usr/share/texmf-dist/tex/generic/pgf/basiclayer/pgfcoretransparency.code.tex
File: pgfcoretransparency.code.tex 2013/09/30  (rcs-revision 1.5)
) (/usr/share/texmf-dist/tex/generic/pgf/basiclayer/pgfcorepatterns.code.tex
File: pgfcorepatterns.code.tex 2013/11/07  (rcs-revision 1.5)
)))
(/usr/share/texmf-dist/tex/generic/pgf/modules/pgfmoduleshapes.code.tex
File: pgfmoduleshapes.code.tex 2014/03/21  (rcs-revision 1.35)
\pgfnodeparttextbox=\box33
)
(/usr/share/texmf-dist/tex/generic/pgf/modules/pgfmoduleplot.code.tex
File: pgfmoduleplot.code.tex 2015/08/03  (rcs-revision 1.13)
)
(/usr/share/texmf-dist/tex/latex/pgf/compatibility/pgfcomp-version-0-65.sty
Package: pgfcomp-version-0-65 2007/07/03 v3.0.1a (rcs-revision 1.7)
\pgf@nodesepstart=\dimen144
\pgf@nodesepend=\dimen145
)
(/usr/share/texmf-dist/tex/latex/pgf/compatibility/pgfcomp-version-1-18.sty
Package: pgfcomp-version-1-18 2007/07/23 v3.0.1a (rcs-revision 1.1)
))
(/usr/share/texmf-dist/tex/latex/pgf/utilities/pgffor.sty
(/usr/share/texmf-dist/tex/latex/pgf/utilities/pgfkeys.sty
(/usr/share/texmf-dist/tex/generic/pgf/utilities/pgfkeys.code.tex))
(/usr/share/texmf-dist/tex/latex/pgf/math/pgfmath.sty
(/usr/share/texmf-dist/tex/generic/pgf/math/pgfmath.code.tex))
(/usr/share/texmf-dist/tex/generic/pgf/utilities/pgffor.code.tex
Package: pgffor 2013/12/13 v3.0.1a (rcs-revision 1.25)

(/usr/share/texmf-dist/tex/generic/pgf/math/pgfmath.code.tex)
\pgffor@iter=\dimen146
\pgffor@skip=\dimen147
\pgffor@stack=\toks27
\pgffor@toks=\toks28
))
(/usr/share/texmf-dist/tex/generic/pgf/frontendlayer/tikz/tikz.code.tex
Package: tikz 2015/08/07 v3.0.1a (rcs-revision 1.151)

(/usr/share/texmf-dist/tex/generic/pgf/libraries/pgflibraryplothandlers.code.te
x
File: pgflibraryplothandlers.code.tex 2013/08/31 v3.0.1a (rcs-revision 1.20)
\pgf@plot@mark@count=\count102
\pgfplotmarksize=\dimen148
)
\tikz@lastx=\dimen149
\tikz@lasty=\dimen150
\tikz@lastxsaved=\dimen151
\tikz@lastysaved=\dimen152
\tikzleveldistance=\dimen153
\tikzsiblingdistance=\dimen154
\tikz@figbox=\box34
\tikz@figbox@bg=\box35
\tikz@tempbox=\box36
\tikz@tempbox@bg=\box37
\tikztreelevel=\count103
\tikznumberofchildren=\count104
\tikznumberofcurrentchild=\count105
\tikz@fig@count=\count106
 (/usr/share/texmf-dist/tex/generic/pgf/modules/pgfmodulematrix.code.tex
File: pgfmodulematrix.code.tex 2013/09/17  (rcs-revision 1.8)
\pgfmatrixcurrentrow=\count107
\pgfmatrixcurrentcolumn=\count108
\pgf@matrix@numberofcolumns=\count109
)
\tikz@expandcount=\count110

(/usr/share/texmf-dist/tex/generic/pgf/frontendlayer/tikz/libraries/tikzlibrary
topaths.code.tex
File: tikzlibrarytopaths.code.tex 2008/06/17 v3.0.1a (rcs-revision 1.2)
)))
(/usr/share/texmf-dist/tex/latex/pgf/frontendlayer/libraries/tikzlibraryexterna
l.code.tex (/usr/share/texmf-dist/tex/generic/oberdiek/pdftexcmds.sty
Package: pdftexcmds 2017/03/19 v0.25 Utility functions of pdfTeX for LuaTeX (HO
)

(/usr/share/texmf-dist/tex/generic/oberdiek/infwarerr.sty
Package: infwarerr 2016/05/16 v1.4 Providing info/warning/error messages (HO)
)
(/usr/share/texmf-dist/tex/generic/oberdiek/ifluatex.sty
Package: ifluatex 2016/05/16 v1.4 Provides the ifluatex switch (HO)
Package ifluatex Info: LuaTeX not detected.
)
(/usr/share/texmf-dist/tex/generic/oberdiek/ltxcmds.sty
Package: ltxcmds 2016/05/16 v1.23 LaTeX kernel commands for general use (HO)
)
(/usr/share/texmf-dist/tex/generic/oberdiek/ifpdf.sty
Package: ifpdf 2017/03/15 v3.2 Provides the ifpdf switch
)
Package pdftexcmds Info: LuaTeX not detected.
Package pdftexcmds Info: \pdf@primitive is available.
Package pdftexcmds Info: \pdf@ifprimitive is available.
Package pdftexcmds Info: \pdfdraftmode is ignored in DVI mode.
)
(/usr/share/texmf-dist/tex/generic/pgf/frontendlayer/tikz/libraries/tikzexterna
lshared.code.tex)) (/usr/share/texmf/tex/latex/sagetex/sagetex.sty
Package: sagetex 2015/08/26 v3.0-92d9f7a embedding Sage into LaTeX documents

(/usr/share/texmf-dist/tex/latex/tools/verbatim.sty
Package: verbatim 2014/10/28 v1.5q LaTeX2e package for verbatim enhancements
\every@verbatim=\toks29
\verbatim@line=\toks30
\verbatim@in@stream=\read2
)
(/usr/share/texmf-dist/tex/latex/fancyvrb/fancyvrb.sty
Package: fancyvrb 2008/02/07

Style option: `fancyvrb' v2.7a, with DG/SPQR fixes, and firstline=lastline fix 
<2008/02/07> (tvz)
\FV@CodeLineNo=\count111
\FV@InFile=\read3
\FV@TabBox=\box38
\c@FancyVerbLine=\count112
\FV@StepNumber=\count113
\FV@OutFile=\write4
) (/usr/share/texmf-dist/tex/latex/listings/listings.sty
\lst@mode=\count114
\lst@gtempboxa=\box39
\lst@token=\toks31
\lst@length=\count115
\lst@currlwidth=\dimen155
\lst@column=\count116
\lst@pos=\count117
\lst@lostspace=\dimen156
\lst@width=\dimen157
\lst@newlines=\count118
\lst@lineno=\count119
\lst@maxwidth=\dimen158

(/usr/share/texmf-dist/tex/latex/listings/lstmisc.sty
File: lstmisc.sty 2015/06/04 1.6 (Carsten Heinz)
\c@lstnumber=\count120
\lst@skipnumbers=\count121
\lst@framebox=\box40
)
(/usr/share/texmf-dist/tex/latex/listings/listings.cfg
File: listings.cfg 2015/06/04 1.6 listings configuration
))
Package: listings 2015/06/04 1.6 (Carsten Heinz)

(/usr/share/texmf-dist/tex/latex/makecmds/makecmds.sty
Package: makecmds 2009/09/03 v1.0a extra command making commands
)
(/usr/share/texmf-dist/tex/latex/base/ifthen.sty
Package: ifthen 2014/09/29 v1.1c Standard LaTeX ifthen package (DPC)
)
(/usr/share/texmf-dist/tex/generic/ifxetex/ifxetex.sty
Package: ifxetex 2010/09/12 v0.6 Provides ifxetex conditional
)
\c@ST@inline=\count122
\c@ST@plot=\count123
\c@ST@cmdline=\count124
\sagetexindent=\skip46

(./GaussPrinceMathematicians.sagetex.sout)
\sagecommandlineskip=\skip47
)
(/usr/share/texmf-dist/tex/latex/enumitem/enumitem.sty
Package: enumitem 2011/09/28 v3.5.2 Customized lists
\labelindent=\skip48
\enit@outerparindent=\dimen159
\enit@toks=\toks32
\enit@inbox=\box41
\enitdp@description=\count125
)
(/usr/share/texmf-dist/tex/latex/titlesec/titlesec.sty
Package: titlesec 2016/03/21 v2.10.2 Sectioning titles
\ttl@box=\box42
\beforetitleunit=\skip49
\aftertitleunit=\skip50
\ttl@plus=\dimen160
\ttl@minus=\dimen161
\ttl@toksa=\toks33
\titlewidth=\dimen162
\titlewidthlast=\dimen163
\titlewidthfirst=\dimen164

(/usr/share/texmf-dist/tex/latex/titlesec/ttlps.def
File: ttlps.def 2016/03/15
))
(/usr/share/texmf-dist/tex/latex/titlesec/titletoc.sty
Package: titletoc 2011/12/15 v1.6 TOC entries
\ttl@leftsep=\dimen165
)
(/usr/share/texmf-dist/tex/latex/titling/titling.sty
Package: titling 2009/09/04 v2.1d maketitle typesetting
\thanksmarkwidth=\skip51
\thanksmargin=\skip52
\droptitle=\skip53
)
(/usr/share/texmf-dist/tex/latex/url/url.sty
\Urlmuskip=\muskip10
Package: url 2013/09/16  ver 3.4  Verb mode for urls, etc.
)
(/usr/share/texmf-dist/tex/latex/pgfplots/pgfplots.sty
(/usr/share/texmf-dist/tex/generic/pgfplots/pgfplots.revision.tex)
Package: pgfplots 2017/06/05 v1.15 Data Visualization (1.15)

(/usr/share/texmf-dist/tex/generic/pgfplots/pgfplots.code.tex
(/usr/share/texmf-dist/tex/generic/pgfplots/pgfplotscore.code.tex
\t@pgfplots@toka=\toks34
\t@pgfplots@tokb=\toks35
\t@pgfplots@tokc=\toks36
\pgfplots@tmpa=\dimen166
\c@pgfplots@coordindex=\count126
\c@pgfplots@scanlineindex=\count127

(/usr/share/texmf-dist/tex/generic/pgfplots/sys/pgfplotssysgeneric.code.tex))
(/usr/share/texmf-dist/tex/generic/pgfplots/libs/pgfplotslibrary.code.tex)
(/usr/share/texmf-dist/tex/generic/pgfplots/oldpgfcompatib/pgfplotsoldpgfsupp_l
oader.code.tex
(/usr/share/texmf-dist/tex/generic/pgf/libraries/pgflibraryfpu.code.tex)
Package pgfplots: loading complementary arithmetics for your pgf version...

(/usr/share/texmf-dist/tex/generic/pgfplots/oldpgfcompatib/pgfplotsoldpgfsupp_p
gflibraryfpu.code.tex)
(/usr/share/texmf-dist/tex/generic/pgfplots/oldpgfcompatib/pgfplotsoldpgfsupp_p
gfmathfloat.code.tex
\c@pgfmathroundto@lastzeros=\count128
))
(/usr/share/texmf-dist/tex/generic/pgfplots/util/pgfplotsutil.code.tex
(/usr/share/texmf-dist/tex/generic/pgfplots/liststructure/pgfplotsliststructure
.code.tex)
(/usr/share/texmf-dist/tex/generic/pgfplots/liststructure/pgfplotsliststructure
ext.code.tex)
(/usr/share/texmf-dist/tex/generic/pgfplots/liststructure/pgfplotsarray.code.te
x
\c@pgfplotsarray@tmp=\count129
)
(/usr/share/texmf-dist/tex/generic/pgfplots/liststructure/pgfplotsmatrix.code.t
ex)
(/usr/share/texmf-dist/tex/generic/pgfplots/numtable/pgfplotstableshared.code.t
ex
\c@pgfplotstable@counta=\count130
\t@pgfplotstable@a=\toks37
)
(/usr/share/texmf-dist/tex/generic/pgfplots/liststructure/pgfplotsdeque.code.te
x) (/usr/share/texmf-dist/tex/generic/pgfplots/util/pgfplotsbinary.code.tex
(/usr/share/texmf-dist/tex/generic/pgfplots/util/pgfplotsbinary.data.code.tex))
(/usr/share/texmf-dist/tex/generic/pgfplots/util/pgfplotsutil.verb.code.tex)
(/usr/share/texmf-dist/tex/generic/pgfplots/libs/pgflibrarypgfplots.surfshading
.code.tex
\c@pgfplotslibrarysurf@no=\count131
))
(/usr/share/texmf-dist/tex/generic/pgfplots/util/pgfplotscolormap.code.tex
(/usr/share/texmf-dist/tex/generic/pgfplots/util/pgfplotscolor.code.tex))
(/usr/share/texmf-dist/tex/generic/pgfplots/pgfplotsstackedplots.code.tex)
(/usr/share/texmf-dist/tex/generic/pgfplots/pgfplotsplothandlers.code.tex
(/usr/share/texmf-dist/tex/generic/pgfplots/pgfplotsmeshplothandler.code.tex
(/usr/share/texmf-dist/tex/generic/pgfplots/pgfplotsmeshplotimage.code.tex)))
(/usr/share/texmf-dist/tex/generic/pgfplots/pgfplots.scaling.code.tex)
(/usr/share/texmf-dist/tex/generic/pgfplots/pgfplotscoordprocessing.code.tex)
(/usr/share/texmf-dist/tex/generic/pgfplots/pgfplots.errorbars.code.tex)
(/usr/share/texmf-dist/tex/generic/pgfplots/pgfplots.markers.code.tex)
(/usr/share/texmf-dist/tex/generic/pgfplots/pgfplotsticks.code.tex)
(/usr/share/texmf-dist/tex/generic/pgfplots/pgfplots.paths.code.tex)
(/usr/share/texmf-dist/tex/generic/pgf/frontendlayer/tikz/libraries/tikzlibrary
decorations.code.tex
(/usr/share/texmf-dist/tex/generic/pgf/modules/pgfmoduledecorations.code.tex
\pgfdecoratedcompleteddistance=\dimen167
\pgfdecoratedremainingdistance=\dimen168
\pgfdecoratedinputsegmentcompleteddistance=\dimen169
\pgfdecoratedinputsegmentremainingdistance=\dimen170
\pgf@decorate@distancetomove=\dimen171
\pgf@decorate@repeatstate=\count132
\pgfdecorationsegmentamplitude=\dimen172
\pgfdecorationsegmentlength=\dimen173
)
\tikz@lib@dec@box=\box43
)
(/usr/share/texmf-dist/tex/generic/pgf/frontendlayer/tikz/libraries/tikzlibrary
decorations.pathmorphing.code.tex
(/usr/share/texmf-dist/tex/generic/pgf/libraries/decorations/pgflibrarydecorati
ons.pathmorphing.code.tex))
(/usr/share/texmf-dist/tex/generic/pgf/frontendlayer/tikz/libraries/tikzlibrary
decorations.pathreplacing.code.tex
(/usr/share/texmf-dist/tex/generic/pgf/libraries/decorations/pgflibrarydecorati
ons.pathreplacing.code.tex))
\pgfplots@numplots=\count133
\pgfplots@xmin@reg=\dimen174
\pgfplots@xmax@reg=\dimen175
\pgfplots@ymin@reg=\dimen176
\pgfplots@ymax@reg=\dimen177
\pgfplots@zmin@reg=\dimen178
\pgfplots@zmax@reg=\dimen179
)
(/usr/share/texmf-dist/tex/generic/pgf/frontendlayer/tikz/libraries/tikzlibrary
plotmarks.code.tex
File: tikzlibraryplotmarks.code.tex 2008/01/09 v3.0.1a (rcs-revision 1.1)

(/usr/share/texmf-dist/tex/generic/pgf/libraries/pgflibraryplotmarks.code.tex
File: pgflibraryplotmarks.code.tex 2015/08/03 v3.0.1a (rcs-revision 1.14)
)))
(/usr/share/texmf-dist/tex/generic/pgfplots/libs/tikzlibrarypgfplots.groupplots
.code.tex
\pgfplots@group@current@plot=\count134
\pgfplots@group@current@row=\count135
\pgfplots@group@current@column=\count136

(/usr/share/texmf-dist/tex/generic/pgf/frontendlayer/tikz/libraries/tikzlibrary
calc.code.tex
File: tikzlibrarycalc.code.tex 2013/07/15 v3.0.1a (rcs-revision 1.9)
)) (/usr/share/texmf-dist/tex/latex/environ/environ.sty
Package: environ 2014/05/04 v0.3 A new way to define environments

(/usr/share/texmf-dist/tex/latex/trimspaces/trimspaces.sty
Package: trimspaces 2009/09/17 v1.1 Trim spaces around a token list
)
\@envbody=\toks38
)
(/usr/share/texmf-dist/tex/latex/amsfonts/amssymb.sty
Package: amssymb 2013/01/14 v3.01 AMS font symbols

(/usr/share/texmf-dist/tex/latex/amsfonts/amsfonts.sty
Package: amsfonts 2013/01/14 v3.01 Basic AMSFonts support
\@emptytoks=\toks39
\symAMSa=\mathgroup4
\symAMSb=\mathgroup5
LaTeX Font Info:    Overwriting math alphabet `\mathfrak' in version `bold'
(Font)                  U/euf/m/n --> U/euf/b/n on input line 106.
))
(/usr/share/texmf-dist/tex/latex/amsmath/amsmath.sty
Package: amsmath 2017/09/02 v2.17a AMS math features
\@mathmargin=\skip54

For additional information on amsmath, use the `?' option.
(/usr/share/texmf-dist/tex/latex/amsmath/amstext.sty
Package: amstext 2000/06/29 v2.01 AMS text

(/usr/share/texmf-dist/tex/latex/amsmath/amsgen.sty
File: amsgen.sty 1999/11/30 v2.0 generic functions
\@emptytoks=\toks40
\ex@=\dimen180
))
(/usr/share/texmf-dist/tex/latex/amsmath/amsbsy.sty
Package: amsbsy 1999/11/29 v1.2d Bold Symbols
\pmbraise@=\dimen181
)
(/usr/share/texmf-dist/tex/latex/amsmath/amsopn.sty
Package: amsopn 2016/03/08 v2.02 operator names
)
\inf@bad=\count137
LaTeX Info: Redefining \frac on input line 213.
\uproot@=\count138
\leftroot@=\count139
LaTeX Info: Redefining \overline on input line 375.
\classnum@=\count140
\DOTSCASE@=\count141
LaTeX Info: Redefining \ldots on input line 472.
LaTeX Info: Redefining \dots on input line 475.
LaTeX Info: Redefining \cdots on input line 596.
\Mathstrutbox@=\box44
\strutbox@=\box45
\big@size=\dimen182
LaTeX Font Info:    Redeclaring font encoding OML on input line 712.
LaTeX Font Info:    Redeclaring font encoding OMS on input line 713.
\macc@depth=\count142
\c@MaxMatrixCols=\count143
\dotsspace@=\muskip11
\c@parentequation=\count144
\dspbrk@lvl=\count145
\tag@help=\toks41
\row@=\count146
\column@=\count147
\maxfields@=\count148
\andhelp@=\toks42
\eqnshift@=\dimen183
\alignsep@=\dimen184
\tagshift@=\dimen185
\tagwidth@=\dimen186
\totwidth@=\dimen187
\lineht@=\dimen188
\@envbody=\toks43
\multlinegap=\skip55
\multlinetaggap=\skip56
\mathdisplay@stack=\toks44
LaTeX Info: Redefining \[ on input line 2817.
LaTeX Info: Redefining \] on input line 2818.
)
(/usr/share/texmf-dist/tex/latex/amscls/amsthm.sty
Package: amsthm 2015/03/04 v2.20.2
\thm@style=\toks45
\thm@bodyfont=\toks46
\thm@headfont=\toks47
\thm@notefont=\toks48
\thm@headpunct=\toks49
\thm@preskip=\skip57
\thm@postskip=\skip58
\thm@headsep=\skip59
\dth@everypar=\toks50
)
(/usr/share/texmf-dist/tex/latex/xifthen/xifthen.sty
Package: xifthen 2015/11/05 v1.4.0 Extended ifthen features

(/usr/share/texmf-dist/tex/latex/tools/calc.sty
Package: calc 2014/10/28 v4.3 Infix arithmetic (KKT,FJ)
\calc@Acount=\count149
\calc@Bcount=\count150
\calc@Adimen=\dimen189
\calc@Bdimen=\dimen190
\calc@Askip=\skip60
\calc@Bskip=\skip61
LaTeX Info: Redefining \setlength on input line 80.
LaTeX Info: Redefining \addtolength on input line 81.
\calc@Ccount=\count151
\calc@Cskip=\skip62
)
(/usr/share/texmf-dist/tex/latex/ifmtarg/ifmtarg.sty
Package: ifmtarg 2009/09/02 v1.2a check for an empty argument
))
(/usr/share/texmf-dist/tex/latex/multido/multido.sty
Package: multido 2004/05/17 package wrapper for PSTricks `multido.tex', (HV/RN)


(/usr/share/texmf-dist/tex/generic/multido/multido.tex
 v1.42, 2010/05/14 <tvz>
\multido@count=\count152
\multidocount=\count153
\multido@stuff=\toks51
)
File: multido.tex 2010/05/14 v1.42 `multido' (tvz,hv)
) (/usr/share/texmf-dist/tex/latex/xkeyval/xkeyval.sty
Package: xkeyval 2014/12/03 v2.7a package option processing (HA)
(/usr/share/texmf-dist/tex/generic/xkeyval/xkeyval.tex
(/usr/share/texmf-dist/tex/generic/xkeyval/xkvutils.tex
\XKV@toks=\toks52
\XKV@tempa@toks=\toks53
)
\XKV@depth=\count154
File: xkeyval.tex 2014/12/03 v2.7a key=value parser (HA)
))
(/usr/share/texmf-dist/tex/latex/mdframed/mdframed.sty
Package: mdframed 2013/07/01 1.9b: mdframed

(/usr/share/texmf-dist/tex/latex/oberdiek/kvoptions.sty
Package: kvoptions 2016/05/16 v3.12 Key value format for package options (HO)

(/usr/share/texmf-dist/tex/generic/oberdiek/kvsetkeys.sty
Package: kvsetkeys 2016/05/16 v1.17 Key value parser (HO)

(/usr/share/texmf-dist/tex/generic/oberdiek/etexcmds.sty
Package: etexcmds 2016/05/16 v1.6 Avoid name clashes with e-TeX commands (HO)
Package etexcmds Info: Could not find \expanded.
(etexcmds)             That can mean that you are not using pdfTeX 1.50 or
(etexcmds)             that some package has redefined \expanded.
(etexcmds)             In the latter case, load this package earlier.
)))
(/usr/share/texmf-dist/tex/latex/l3packages/xparse/xparse.sty
(/usr/share/texmf-dist/tex/latex/l3kernel/expl3.sty
Package: expl3 2017/11/14 L3 programming layer (loader) 

(/usr/share/texmf-dist/tex/latex/l3kernel/expl3-code.tex
Package: expl3 2017/11/14 L3 programming layer (code)
\c_max_int=\count155
\l_tmpa_int=\count156
\l_tmpb_int=\count157
\g_tmpa_int=\count158
\g_tmpb_int=\count159
\g__intarray_font_int=\count160
\g__prg_map_int=\count161
\c_log_iow=\count162
\l_iow_line_count_int=\count163
\l__iow_line_target_int=\count164
\l__iow_one_indent_int=\count165
\l__iow_indent_int=\count166
\c_zero_dim=\dimen191
\c_max_dim=\dimen192
\l_tmpa_dim=\dimen193
\l_tmpb_dim=\dimen194
\g_tmpa_dim=\dimen195
\g_tmpb_dim=\dimen196
\c_zero_skip=\skip63
\c_max_skip=\skip64
\l_tmpa_skip=\skip65
\l_tmpb_skip=\skip66
\g_tmpa_skip=\skip67
\g_tmpb_skip=\skip68
\c_zero_muskip=\muskip12
\c_max_muskip=\muskip13
\l_tmpa_muskip=\muskip14
\l_tmpb_muskip=\muskip15
\g_tmpa_muskip=\muskip16
\g_tmpb_muskip=\muskip17
\l_keys_choice_int=\count167
\c__fp_leading_shift_int=\count168
\c__fp_middle_shift_int=\count169
\c__fp_trailing_shift_int=\count170
\c__fp_big_leading_shift_int=\count171
\c__fp_big_middle_shift_int=\count172
\c__fp_big_trailing_shift_int=\count173
\c__fp_Bigg_leading_shift_int=\count174
\c__fp_Bigg_middle_shift_int=\count175
\c__fp_Bigg_trailing_shift_int=\count176
\c__fp_rand_size_int=\count177
\c__fp_rand_four_int=\count178
\c__fp_rand_eight_int=\count179
\l__sort_length_int=\count180
\l__sort_min_int=\count181
\l__sort_top_int=\count182
\l__sort_max_int=\count183
\l__sort_true_max_int=\count184
\l__sort_block_int=\count185
\l__sort_begin_int=\count186
\l__sort_end_int=\count187
\l__sort_A_int=\count188
\l__sort_B_int=\count189
\l__sort_C_int=\count190
\l__tl_build_start_index_int=\count191
\l__tl_build_index_int=\count192
\l__tl_analysis_normal_int=\count193
\l__tl_analysis_index_int=\count194
\l__tl_analysis_nesting_int=\count195
\l__tl_analysis_type_int=\count196
\l__regex_internal_a_int=\count197
\l__regex_internal_b_int=\count198
\l__regex_internal_c_int=\count199
\l__regex_balance_int=\count266
\l__regex_group_level_int=\count267
\l__regex_mode_int=\count268
\c__regex_cs_in_class_mode_int=\count269
\c__regex_cs_mode_int=\count270
\l__regex_catcodes_int=\count271
\l__regex_default_catcodes_int=\count272
\c__regex_catcode_D_int=\count273
\c__regex_catcode_S_int=\count274
\c__regex_catcode_L_int=\count275
\c__regex_catcode_O_int=\count276
\c__regex_catcode_A_int=\count277
\c__regex_all_catcodes_int=\count278
\l__regex_show_lines_int=\count279
\l__regex_min_state_int=\count280
\l__regex_max_state_int=\count281
\l__regex_left_state_int=\count282
\l__regex_right_state_int=\count283
\l__regex_capturing_group_int=\count284
\l__regex_min_pos_int=\count285
\l__regex_max_pos_int=\count286
\l__regex_curr_pos_int=\count287
\l__regex_start_pos_int=\count288
\l__regex_success_pos_int=\count289
\l__regex_curr_char_int=\count290
\l__regex_curr_catcode_int=\count291
\l__regex_last_char_int=\count292
\l__regex_case_changed_char_int=\count293
\l__regex_curr_state_int=\count294
\l__regex_step_int=\count295
\l__regex_min_active_int=\count296
\l__regex_max_active_int=\count297
\l__regex_replacement_csnames_int=\count298
\l__regex_match_count_int=\count299
\l__regex_min_submatch_int=\count300
\l__regex_submatch_int=\count301
\l__regex_zeroth_submatch_int=\count302
\g__debug_trace_regex_int=\count303
\c_empty_box=\box46
\l_tmpa_box=\box47
\l_tmpb_box=\box48
\g_tmpa_box=\box49
\g_tmpb_box=\box50
\l__box_top_dim=\dimen197
\l__box_bottom_dim=\dimen198
\l__box_left_dim=\dimen199
\l__box_right_dim=\dimen256
\l__box_top_new_dim=\dimen257
\l__box_bottom_new_dim=\dimen258
\l__box_left_new_dim=\dimen259
\l__box_right_new_dim=\dimen260
\l__box_internal_box=\box51
\l__coffin_internal_box=\box52
\l__coffin_internal_dim=\dimen261
\l__coffin_offset_x_dim=\dimen262
\l__coffin_offset_y_dim=\dimen263
\l__coffin_x_dim=\dimen264
\l__coffin_y_dim=\dimen265
\l__coffin_x_prime_dim=\dimen266
\l__coffin_y_prime_dim=\dimen267
\c_empty_coffin=\box53
\l__coffin_aligned_coffin=\box54
\l__coffin_aligned_internal_coffin=\box55
\l_tmpa_coffin=\box56
\l_tmpb_coffin=\box57
\l__coffin_display_coffin=\box58
\l__coffin_display_coord_coffin=\box59
\l__coffin_display_pole_coffin=\box60
\l__coffin_display_offset_dim=\dimen268
\l__coffin_display_x_dim=\dimen269
\l__coffin_display_y_dim=\dimen270
\l__coffin_bounding_shift_dim=\dimen271
\l__coffin_left_corner_dim=\dimen272
\l__coffin_right_corner_dim=\dimen273
\l__coffin_bottom_corner_dim=\dimen274
\l__coffin_top_corner_dim=\dimen275
\l__coffin_scaled_total_height_dim=\dimen276
\l__coffin_scaled_width_dim=\dimen277
)
(/usr/share/texmf-dist/tex/latex/l3kernel/l3dvips.def
File: l3dvips.def 2017/03/18 v L3 Experimental driver: dvips
))
Package: xparse 2017/11/14 L3 Experimental document command parser
\l__xparse_current_arg_int=\count304
\g__xparse_grabber_int=\count305
\l__xparse_m_args_int=\count306
\l__xparse_mandatory_args_int=\count307
\l__xparse_v_nesting_int=\count308
)
(/usr/share/texmf-dist/tex/latex/etoolbox/etoolbox.sty
Package: etoolbox 2017/01/02 v2.4 e-TeX tools for LaTeX (JAW)
\etb@tempcnta=\count309
)
(/usr/share/texmf-dist/tex/latex/oberdiek/zref-abspage.sty
Package: zref-abspage 2016/05/21 v2.26 Module abspage for zref (HO)

(/usr/share/texmf-dist/tex/latex/oberdiek/zref-base.sty
Package: zref-base 2016/05/21 v2.26 Module base for zref (HO)

(/usr/share/texmf-dist/tex/generic/oberdiek/kvdefinekeys.sty
Package: kvdefinekeys 2016/05/16 v1.4 Define keys (HO)
)
(/usr/share/texmf-dist/tex/latex/oberdiek/auxhook.sty
Package: auxhook 2016/05/16 v1.4 Hooks for auxiliary files (HO)
)
Package zref Info: New property list: main on input line 759.
Package zref Info: New property: default on input line 760.
Package zref Info: New property: page on input line 761.
)
(/usr/share/texmf-dist/tex/generic/oberdiek/atbegshi.sty
Package: atbegshi 2016/06/09 v1.18 At begin shipout hook (HO)
)
\c@abspage=\count310
Package zref Info: New property: abspage on input line 62.
)
(/usr/share/texmf-dist/tex/latex/needspace/needspace.sty
Package: needspace 2010/09/12 v1.3d reserve vertical space
)
\mdf@templength=\skip69
\c@mdf@globalstyle@cnt=\count311
\mdf@skipabove@length=\skip70
\mdf@skipbelow@length=\skip71
\mdf@leftmargin@length=\skip72
\mdf@rightmargin@length=\skip73
\mdf@innerleftmargin@length=\skip74
\mdf@innerrightmargin@length=\skip75
\mdf@innertopmargin@length=\skip76
\mdf@innerbottommargin@length=\skip77
\mdf@splittopskip@length=\skip78
\mdf@splitbottomskip@length=\skip79
\mdf@outermargin@length=\skip80
\mdf@innermargin@length=\skip81
\mdf@linewidth@length=\skip82
\mdf@innerlinewidth@length=\skip83
\mdf@middlelinewidth@length=\skip84
\mdf@outerlinewidth@length=\skip85
\mdf@roundcorner@length=\skip86
\mdf@footenotedistance@length=\skip87
\mdf@userdefinedwidth@length=\skip88
\mdf@needspace@length=\skip89
\mdf@frametitleaboveskip@length=\skip90
\mdf@frametitlebelowskip@length=\skip91
\mdf@frametitlerulewidth@length=\skip92
\mdf@frametitleleftmargin@length=\skip93
\mdf@frametitlerightmargin@length=\skip94
\mdf@shadowsize@length=\skip95
\mdf@extratopheight@length=\skip96
\mdf@subtitleabovelinewidth@length=\skip97
\mdf@subtitlebelowlinewidth@length=\skip98
\mdf@subtitleaboveskip@length=\skip99
\mdf@subtitlebelowskip@length=\skip100
\mdf@subtitleinneraboveskip@length=\skip101
\mdf@subtitleinnerbelowskip@length=\skip102
\mdf@subsubtitleabovelinewidth@length=\skip103
\mdf@subsubtitlebelowlinewidth@length=\skip104
\mdf@subsubtitleaboveskip@length=\skip105
\mdf@subsubtitlebelowskip@length=\skip106
\mdf@subsubtitleinneraboveskip@length=\skip107
\mdf@subsubtitleinnerbelowskip@length=\skip108

(/usr/share/texmf-dist/tex/latex/mdframed/md-frame-1.mdf
File: md-frame-1.mdf 2013/07/01\ 1.9b: md-frame-1
)
\mdf@frametitlebox=\box61
\mdf@footnotebox=\box62
\mdf@splitbox@one=\box63
\mdf@splitbox@two=\box64
\mdf@splitbox@save=\box65
\mdfsplitboxwidth=\skip109
\mdfsplitboxtotalwidth=\skip110
\mdfsplitboxheight=\skip111
\mdfsplitboxdepth=\skip112
\mdfsplitboxtotalheight=\skip113
\mdfframetitleboxwidth=\skip114
\mdfframetitleboxtotalwidth=\skip115
\mdfframetitleboxheight=\skip116
\mdfframetitleboxdepth=\skip117
\mdfframetitleboxtotalheight=\skip118
\mdffootnoteboxwidth=\skip119
\mdffootnoteboxtotalwidth=\skip120
\mdffootnoteboxheight=\skip121
\mdffootnoteboxdepth=\skip122
\mdffootnoteboxtotalheight=\skip123
\mdftotallinewidth=\skip124
\mdfboundingboxwidth=\skip125
\mdfboundingboxtotalwidth=\skip126
\mdfboundingboxheight=\skip127
\mdfboundingboxdepth=\skip128
\mdfboundingboxtotalheight=\skip129
\mdf@freevspace@length=\skip130
\mdf@horizontalwidthofbox@length=\skip131
\mdf@verticalmarginwhole@length=\skip132
\mdf@horizontalspaceofbox=\skip133
\mdfsubtitleheight=\skip134
\mdfsubsubtitleheight=\skip135
\c@mdfcountframes=\count312

****** mdframed patching \endmdf@trivlist

****** -- success******

.................................................
. LaTeX info: "xparse/define-command"
. 
. Defining command \newmdtheoremenv with sig. 'O{} m o m o ' on line 601.
.................................................
.................................................
. LaTeX info: "xparse/define-command"
. 
. Defining command \mdtheorem with sig. ' O{} m o m o ' on line 701.
.................................................
\mdf@envdepth=\count313
\c@mdf@env@i=\count314
\c@mdf@env@ii=\count315
\c@mdf@zref@counter=\count316
Package zref Info: New property: mdf@pagevalue on input line 895.
)
(/usr/share/texmf-dist/tex/latex/comment/comment.sty
\CommentStream=\write5

Excluding comment 'comment')
\c@titlenumber=\count317
\c@sectiontitlenumber=\count318
\c@theorem=\count319
\c@algorithm=\count320
\c@axiom=\count321
\c@claim=\count322
\c@conclusion=\count323
\c@condition=\count324
\c@conjecture=\count325
\c@corollary=\count326
\c@criterion=\count327
\c@definition=\count328
\c@example=\count329
\c@fact=\count330
\c@formula=\count331
\c@idea=\count332
\c@lemma=\count333
\c@model=\count334
\c@notation=\count335
\c@observation=\count336
\c@paradox=\count337
\c@procedure=\count338
\c@proposition=\count339
\c@remark=\count340
\c@summary=\count341
\c@template=\count342
\c@warning=\count343

(/usr/share/texmf-dist/tex/latex/forloop/forloop.sty
Package: forloop 2006/09/18 v3.0 For Loops for LaTeX
)
\c@Iteration1=\count344
\c@RndQuant=\count345
\c@Temp@Hold=\count346
\c@Temp@RandMe=\count347
\c@shuffle@maxCount=\count348
\c@shuffle@count=\count349
\c@shuffle@trackProblem=\count350
\c@shuffle@desiredProblems=\count351
\c@problem=\count352
\c@problemType=\count353
)
(/usr/share/texmf-dist/tex/generic/tex4ht/tex4ht.sty
version 2016-07-18-16:08
Package: tex4ht 
--------------------------------------
--- Note --- for _ at preamble, use the command line option `early_'
--------------------------------------
--------------------------------------
--- Note --- for ^ at preamble, use the command line option `early^'
--------------------------------------
\tmp:toks=\toks54
)
(/home/snapp/texmf/tex/latex/ximeraLatex/ximera.cfg
(/usr/share/texmf-dist/tex/generic/tex4ht/usepackage.4ht)
(/usr/share/texmf-dist/tex/generic/tex4ht/tex4ht.4ht
version 2017-05-09-09:21
--------------------------------------
--- Note --- for additional information, use the command line option `info'
--------------------------------------

::::::::::::::::::::::::::::::::::::::::::
 TeX4ht info is available in the log file 
::::::::::::::::::::::::::::::::::::::::::
) (/usr/share/texmf-dist/tex/generic/tex4ht/tex4ht.sty
version 2016-07-18-16:08

--- needs --- tex4ht GaussPrinceMathematicians ---
\tmp:cnt=\count354
\openout15 = `GaussPrinceMathematicians.tmp'.

(./GaussPrinceMathematicians.tmp)
\tmp:dim=\skip136
 (./GaussPrinceMathematicians.xref)
\:refout=\write6
\openout6 = `GaussPrinceMathematicians.xref'.


(/usr/share/texmf-dist/tex/generic/tex4ht/html4.4ht
version 2017-10-26-14:53
--------------------------------------
--- Note --- to remove the <?xml version=...?> processing instruction use the c
ommand line option `no-VERSION'
--------------------------------------
--------------------------------------
--- Note --- to remove the DOCTYPE declaration use the command line option `no-
DOCTYPE'
--------------------------------------
)
(/usr/share/texmf-dist/tex/generic/tex4ht/html4-math.4ht
version 2017-03-30-16:04
)
--------------------------------------
--- Note --- for marking of the base font, use the command line option `fonts+'

--------------------------------------
--------------------------------------
--- Note --- for non active _, use the command line option `no_'
--------------------------------------
--------------------------------------
--- Note --- for _ of catcode 13, use the command line option `_13'
--------------------------------------
--------------------------------------
--- Note --- for non active ^, use the command line option `no^'
--------------------------------------
--------------------------------------
--- Note --- for ^ of catcode 13, use the command line option `^13'
--------------------------------------

(/usr/share/texmf-dist/tex/generic/tex4ht/html4.4ht
version 2017-10-26-14:53
--------------------------------------
--- Note --- to ignore CSS font decoration, use the `NoFonts' command line opti
on
--------------------------------------
--------------------------------------
--- Note --- for jpg bitmaps of pictures, use the `jpg' command line option. (C
haracter bitmaps are controled only by `g' records of tex4ht.env and `-g' switc
hes of tex4ht.c) 
--------------------------------------
--------------------------------------
--- Note --- for gif bitmaps of pictures, use the `gif' command line option. (C
haracter bitmaps are controled only by `g' records of tex4ht.env and `-g' switc
hes of tex4ht.c) 
--------------------------------------
--------------------------------------
--- Note --- for content and toc in 2 frames, use the command line option `fram
es'
--------------------------------------
--------------------------------------
--- Note --- for content, toc, and footnotes in 3 frames, use the command line 
option `frames-fn'
--------------------------------------
--------------------------------------
--- Note --- for file extension name xht, use the command line option `xht'
--------------------------------------
TeX4ht package options: charset=utf-8,-css,html,xhtml
--------------------------------------
--- Note --- To print a timestamp, use the command line option timestamp
--------------------------------------
--------------------------------------
--- Note --- for pop ups on mouse over, use the command line option `mouseover'

--------------------------------------
--------------------------------------
--- Note --- for addressing images in a subdirectory, use the command line opti
on `imgdir:.../'
--------------------------------------
)
(/usr/share/texmf-dist/tex/generic/tex4ht/html4-math.4ht
version 2017-03-30-16:04
)
\:tokwrite=\toks55
\:tokpage=\toks56
--------------------------------------
--- Note --- for back links to toc, use the command line option `sections+'
--------------------------------------
--------------------------------------
--- Note --- for linear crosslinks of pages, use the command line option `next'

--------------------------------------
\openout15 = `GaussPrinceMathematicians.4ct'.

\:tocout=\write7
\openout7 = `GaussPrinceMathematicians.4tc'.


(/usr/share/texmf-dist/tex/generic/tex4ht/html4.4ht
version 2017-10-26-14:53
)
(/usr/share/texmf-dist/tex/generic/tex4ht/html4-math.4ht
version 2017-03-30-16:04
)
(/usr/share/texmf-dist/tex/generic/tex4ht/latex.4ht
version 2017-01-24-15:21
LaTeX Info: Redefining \_ on input line 168.
--------------------------------------
--- Note --- for links into captions, instead of float heads, use the command l
ine option `refcaption'
--------------------------------------

(/usr/share/texmf-dist/tex/generic/tex4ht/html4.4ht
version 2017-10-26-14:53
--------------------------------------
--- Note --- For mini tocs immediately aftter the header use the command line o
ption `minitoc<'
--------------------------------------
--------------------------------------
--- Note --- for enumerated list elements with valued data, use the command lin
e option `enumerate+'
--------------------------------------
--------------------------------------
--- Note --- for enumerated list elements li's with value attributes, use the c
ommand line option `enumerate-'
--------------------------------------
--------------------------------------
--- Note --- for CSS2 code, use the command line option `css2'
--------------------------------------
--------------------------------------
--- Note --- for pictorial tabular, use the command line option `pic-tabular'
--------------------------------------
--------------------------------------
--- Note --- for bitmap fbox'es, use the command line option `pic-fbox'
--------------------------------------
--------------------------------------
--- Note --- for bitmap framebox'es, use the command line option `pic-framebox'

--------------------------------------
--------------------------------------
--- Note --- for inline footnotes use command line option `fn-in'
--------------------------------------
--------------------------------------
--- Note --- for tracing of latex font commands, use the command line option `f
onts'
--------------------------------------
--------------------------------------
--- Note --- for width specifications of tabular p entries, use the `p-width' c
ommand line option or a configuration similar to \Configure{HColWidth}{\HCode{ 
style="width:\HColWidth"}}
--------------------------------------
)
(/usr/share/texmf-dist/tex/generic/tex4ht/html4-math.4ht
version 2017-03-30-16:04
--------------------------------------
--- Note --- for pictorial eqnarray, use the command line option `pic-eqnarray'

--------------------------------------
--------------------------------------
--- Note --- for pictorial array, use the command line option `pic-array'
--------------------------------------
--------------------------------------
--- Note --- for pictorial $...$ environments, use the command line option `pic
-m' (not recommended!!)
--------------------------------------
--------------------------------------
--- Note --- for pictorial $...$ and $$...$$ environments with latex alt, use t
he command line option `pic-m+' (not safe!!)
--------------------------------------
--------------------------------------
--- Note --- for pictorial array, use the command line option `pic-array'
--------------------------------------
))
(/usr/share/texmf-dist/tex/generic/tex4ht/fontmath.4ht
version 2009-05-21-09:32

(/usr/share/texmf-dist/tex/generic/tex4ht/html4.4ht
version 2017-10-26-14:53
)
(/usr/share/texmf-dist/tex/generic/tex4ht/html4-math.4ht
version 2017-03-30-16:04
))
(/usr/share/texmf-dist/tex/generic/tex4ht/array.4ht
version 2009-05-21-09:32

(/usr/share/texmf-dist/tex/generic/tex4ht/html4.4ht
version 2017-10-26-14:53
)
(/usr/share/texmf-dist/tex/generic/tex4ht/html4-math.4ht
version 2017-03-30-16:04
--------------------------------------
--- Note --- for pictorial array, use the command line option `pic-array'
--------------------------------------
))
(/usr/share/texmf-dist/tex/generic/tex4ht/color.4ht
version 2009-05-21-09:32

(/usr/share/texmf-dist/tex/generic/tex4ht/html4.4ht
version 2017-10-26-14:53
)
(/usr/share/texmf-dist/tex/generic/tex4ht/html4-math.4ht
version 2017-03-30-16:04
))
(/usr/share/texmf-dist/tex/generic/tex4ht/colortbl.4ht
version 2016-12-14-16:54

(/usr/share/texmf-dist/tex/generic/tex4ht/html4.4ht
version 2017-10-26-14:53
)
(/usr/share/texmf-dist/tex/generic/tex4ht/html4-math.4ht
version 2017-03-30-16:04
))
(/home/snapp/texmf/tex/latex/ximeraLatex/ximera.4ht
version 2014-01-26-09:44

(/usr/share/texmf-dist/tex/latex/microtype/microtype.sty
Package: microtype 2017/07/07 v2.7 Micro-typographical refinements (RS)
\MT@toks=\toks57
\MT@count=\count355
LaTeX Info: Redefining \textls on input line 789.
\MT@outer@kern=\dimen278
LaTeX Info: Redefining \textmicrotypecontext on input line 1334.
\MT@listname@count=\count356

(/usr/share/texmf-dist/tex/latex/microtype/microtype-pdftex.def
File: microtype-pdftex.def 2017/07/07 v2.7 Definitions specific to pdftex (RS)
LaTeX Info: Redefining \lsstyle on input line 912.
LaTeX Info: Redefining \lslig on input line 912.
\MT@outer@space=\skip137
)
Package microtype Info: Loading configuration file microtype.cfg.

(/usr/share/texmf-dist/tex/latex/microtype/microtype.cfg
File: microtype.cfg 2017/07/07 v2.7 microtype main configuration file (RS)
))
\c@identification=\count357
\c@choiceId=\count358

(/usr/share/texmf-dist/tex/generic/tex4ht/html4.4ht
version 2017-10-26-14:53
)
(/usr/share/texmf-dist/tex/generic/tex4ht/html4-math.4ht
version 2017-03-30-16:04
))
(/usr/share/texmf-dist/tex/generic/tex4ht/article.4ht
version 2009-05-21-09:32

(/usr/share/texmf-dist/tex/generic/tex4ht/html4.4ht
version 2017-10-26-14:53
--------------------------------------
--- Note --- for automatic sectioning pagination, use the command line option `
1', `2', `3', '4', '5', '6', or '7'
--------------------------------------
--------------------------------------
--- Note --- for files named derived from section titles, use the command line 
option `sec-filename'
--------------------------------------
--------------------------------------
--- Note --- for i-columns index, use the command line option `index=i' (e.g., 
index=2)
--------------------------------------
)
(/usr/share/texmf-dist/tex/generic/tex4ht/html4-math.4ht
version 2017-03-30-16:04
))
(/usr/share/texmf-dist/tex/generic/tex4ht/pgf.4ht
version 2009-05-21-09:32

(/usr/share/texmf-dist/tex/generic/tex4ht/html4.4ht
version 2017-10-26-14:53
)
(/usr/share/texmf-dist/tex/generic/tex4ht/html4-math.4ht
version 2017-03-30-16:04
))
(/usr/share/texmf-dist/tex/generic/tex4ht/everyshi.4ht
version 2009-05-21-09:32

(/usr/share/texmf-dist/tex/generic/tex4ht/html4.4ht
version 2017-10-26-14:53
)
(/usr/share/texmf-dist/tex/generic/tex4ht/html4-math.4ht
version 2017-03-30-16:04
))
(/usr/share/texmf-dist/tex/generic/tex4ht/graphicx.4ht
version 2017-10-21-16:16

(/usr/share/texmf-dist/tex/generic/tex4ht/html4.4ht
version 2017-10-26-14:53
)
(/usr/share/texmf-dist/tex/generic/tex4ht/html4-math.4ht
version 2017-03-30-16:04
))
(/usr/share/texmf-dist/tex/generic/tex4ht/graphics.4ht
(/usr/share/texmf-dist/tex/generic/tex4ht/html4.4ht
version 2017-10-26-14:53
--------------------------------------
--- Note --- if included graphics are of degraded quality, try the command line
 options `graphics-num' or `graphics-'. The `num' should provide the density of
 pixels in the bitmaps (e.g., 110). 
--------------------------------------
--------------------------------------
--- Note --- for key dimensions try the option `Gin-dim'; for key dimensions wh
en bounding box is unavailable try `Gin-dim+'; neither is recommended
--------------------------------------
)
(/usr/share/texmf-dist/tex/generic/tex4ht/html4-math.4ht
version 2017-03-30-16:04
))
(/usr/share/texmf-dist/tex/generic/tex4ht/dvips.4ht
version 2009-05-21-09:32

(/usr/share/texmf-dist/tex/generic/tex4ht/html4.4ht
version 2017-10-26-14:53
)
(/usr/share/texmf-dist/tex/generic/tex4ht/html4-math.4ht
version 2017-03-30-16:04
))
(/usr/share/texmf-dist/tex/generic/tex4ht/xcolor.4ht
version 2017-04-28-08:47

(/usr/share/texmf-dist/tex/generic/tex4ht/color.4ht
version 2009-05-21-09:32
)
(/usr/share/texmf-dist/tex/generic/tex4ht/html4.4ht
version 2017-10-26-14:53
)
(/usr/share/texmf-dist/tex/generic/tex4ht/html4-math.4ht
version 2017-03-30-16:04
))
(/usr/share/texmf-dist/tex/generic/tex4ht/verbatim.4ht
version 2009-05-21-09:32

(/usr/share/texmf-dist/tex/generic/tex4ht/html4.4ht
version 2017-10-26-14:53
)
(/usr/share/texmf-dist/tex/generic/tex4ht/html4-math.4ht
version 2017-03-30-16:04
))
(/usr/share/texmf-dist/tex/generic/tex4ht/fancyvrb.4ht
version 2009-05-21-09:32

(/usr/share/texmf-dist/tex/generic/tex4ht/html4.4ht
version 2017-10-26-14:53
)
(/usr/share/texmf-dist/tex/generic/tex4ht/html4-math.4ht
version 2017-03-30-16:04
))
(/usr/share/texmf-dist/tex/generic/tex4ht/listings.4ht
version 2017-04-22-16:03

(/usr/share/texmf-dist/tex/generic/tex4ht/html4.4ht
version 2017-10-26-14:53
--------------------------------------
--- Note --- to ensure proper alignments use fixed size fonts (see listings.dtx
)
--------------------------------------
)
(/usr/share/texmf-dist/tex/generic/tex4ht/html4-math.4ht
version 2017-03-30-16:04
))
(/usr/share/texmf-dist/tex/generic/tex4ht/ifthen.4ht
version 2009-05-21-09:32

(/usr/share/texmf-dist/tex/generic/tex4ht/html4.4ht
version 2017-10-26-14:53
)
(/usr/share/texmf-dist/tex/generic/tex4ht/html4-math.4ht
version 2017-03-30-16:04
))
(/usr/share/texmf-dist/tex/generic/tex4ht/enumitem.4ht
version 2009-05-21-09:32

(/usr/share/texmf-dist/tex/generic/tex4ht/html4.4ht
version 2017-10-26-14:53
)
(/usr/share/texmf-dist/tex/generic/tex4ht/html4-math.4ht
version 2017-03-30-16:04
))
(/usr/share/texmf-dist/tex/generic/tex4ht/titlesec.4ht
version 2014-07-14-17:09

(/usr/share/texmf-dist/tex/generic/tex4ht/html4.4ht
version 2017-10-26-14:53
)
(/usr/share/texmf-dist/tex/generic/tex4ht/html4-math.4ht
version 2017-03-30-16:04
))
(/usr/share/texmf-dist/tex/generic/tex4ht/url.4ht
version 2009-05-21-09:32

(/usr/share/texmf-dist/tex/generic/tex4ht/html4.4ht
version 2017-10-26-14:53
--------------------------------------
--- Note --- for URL encoding within href use the command line option `url-enc'

--------------------------------------
)
(/usr/share/texmf-dist/tex/generic/tex4ht/html4-math.4ht
version 2017-03-30-16:04
))
(/usr/share/texmf-dist/tex/generic/tex4ht/amssymb.4ht
version 2009-05-21-09:32

(/usr/share/texmf-dist/tex/generic/tex4ht/html4.4ht
version 2017-10-26-14:53
)
(/usr/share/texmf-dist/tex/generic/tex4ht/html4-math.4ht
version 2017-03-30-16:04
))
(/usr/share/texmf-dist/tex/generic/tex4ht/amsfonts.4ht
version 2009-05-21-09:32

(/usr/share/texmf-dist/tex/generic/tex4ht/html4.4ht
version 2017-10-26-14:53
)
(/usr/share/texmf-dist/tex/generic/tex4ht/html4-math.4ht
version 2017-03-30-16:04
))
(/usr/share/texmf-dist/tex/generic/tex4ht/amsmath.4ht
version 2009-05-21-09:32
\tmp:muskip=\muskip18

(/usr/share/texmf-dist/tex/generic/tex4ht/html4.4ht
version 2017-10-26-14:53
)
(/usr/share/texmf-dist/tex/generic/tex4ht/html4-math.4ht
version 2017-03-30-16:04
))
(/usr/share/texmf-dist/tex/generic/tex4ht/amstext.4ht
version 2009-05-21-09:32

(/usr/share/texmf-dist/tex/generic/tex4ht/html4.4ht
version 2017-10-26-14:53
)
(/usr/share/texmf-dist/tex/generic/tex4ht/html4-math.4ht
version 2017-03-30-16:04
))
(/usr/share/texmf-dist/tex/generic/tex4ht/amsbsy.4ht
version 2009-05-21-09:32

(/usr/share/texmf-dist/tex/generic/tex4ht/html4.4ht
version 2017-10-26-14:53
)
(/usr/share/texmf-dist/tex/generic/tex4ht/html4-math.4ht
version 2017-03-30-16:04
))
(/usr/share/texmf-dist/tex/generic/tex4ht/amsopn.4ht
version 2009-05-21-09:32

(/usr/share/texmf-dist/tex/generic/tex4ht/html4.4ht
version 2017-10-26-14:53
)
(/usr/share/texmf-dist/tex/generic/tex4ht/html4-math.4ht
version 2017-03-30-16:04
))
(/usr/share/texmf-dist/tex/generic/tex4ht/amsthm.4ht
version 2009-05-21-09:32

(/usr/share/texmf-dist/tex/generic/tex4ht/html4.4ht
version 2017-10-26-14:53
)
(/usr/share/texmf-dist/tex/generic/tex4ht/html4-math.4ht
version 2017-03-30-16:04
))
(/usr/share/texmf-dist/tex/generic/tex4ht/mdframed.4ht
version 2017-04-28-08:47
\mdf:env:cnt=\count359

(/usr/share/texmf-dist/tex/generic/tex4ht/html4.4ht
version 2017-10-26-14:53
)
(/usr/share/texmf-dist/tex/generic/tex4ht/html4-math.4ht
version 2017-03-30-16:04
))
(/usr/share/texmf-dist/tex/generic/tex4ht/html4.4ht
version 2017-10-26-14:53
)
(/usr/share/texmf-dist/tex/generic/tex4ht/html4-math.4ht
version 2017-03-30-16:04
))
runsystem(sed -i "/@/d" GaussPrinceMathematicians.jax)...executed.

runsystem(sed -i "s/##\\([0-9]\\)/#\\1/g" GaussPrinceMathematicians.jax)...exec
uted.


(./GaussPrinceMathematicians.oc)
\eqtoks=\toks58
 (./GaussPrinceMathematicians.aux)
\openout1 = `GaussPrinceMathematicians.aux'.

LaTeX Font Info:    Checking defaults for OML/cmm/m/it on input line 125.
LaTeX Font Info:    ... okay on input line 125.
LaTeX Font Info:    Checking defaults for T1/cmr/m/n on input line 125.
LaTeX Font Info:    ... okay on input line 125.
LaTeX Font Info:    Checking defaults for OT1/cmr/m/n on input line 125.
LaTeX Font Info:    ... okay on input line 125.
LaTeX Font Info:    Checking defaults for OMS/cmsy/m/n on input line 125.
LaTeX Font Info:    ... okay on input line 125.
LaTeX Font Info:    Checking defaults for OMX/cmex/m/n on input line 125.
LaTeX Font Info:    ... okay on input line 125.
LaTeX Font Info:    Checking defaults for U/cmr/m/n on input line 125.
LaTeX Font Info:    ... okay on input line 125.
\c@lstlisting=\count360
\ST@sf=\write8
\openout8 = `GaussPrinceMathematicians.sagetex.sage'.



Package pgfplots Warning: running in backwards compatibility mode (unsuitable t
ick labels; missing features). Consider writing \pgfplotsset{compat=1.15} into 
your preamble.
 on input line 125.

\AtBeginShipoutBox=\box66
LaTeX Info: Redefining \microtypecontext on input line 125.
Package microtype Info: Generating DVI output.
Package microtype Info: Character protrusion enabled (level 2).
Package microtype Info: Using default protrusion set `alltext'.
Package microtype Info: No font expansion.
Package microtype Info: No adjustment of tracking.
Package microtype Info: No adjustment of interword spacing.
Package microtype Info: No adjustment of character kerning.
(/usr/share/texmf-dist/tex/latex/microtype/mt-cmr.cfg
File: mt-cmr.cfg 2013/05/19 v2.2 microtype config. file: Computer Modern Roman 
(RS)
)
/home/snapp/texmf/tex/latex/ximeraLatex/ximera.cfg:166: Extra \fi.
l.166 \fi
         
I'm ignoring this; it doesn't match any \if.


LaTeX Warning: No \author given.

Package microtype Info: Loading generic protrusion settings for font family
(microtype)             `cmtt' (encoding: OT1).
(microtype)             For optimal results, create family-specific settings.
(microtype)             See the microtype manual for details.
)

./GaussPrinceMathematicians.tex:6: LaTeX Error: Environment abstract undefined.


See the LaTeX manual or LaTeX Companion for explanation.
Type  H <return>  for immediate help.
 ...                                              
                                                  
l.6 \begin{abstract}
                    
Your command was ignored.
Type  I <command> <return>  to replace it with another command,
or  <return>  to continue without it.


./GaussPrinceMathematicians.tex:8: LaTeX Error: \begin{document} ended by \end{
abstract}.

See the LaTeX manual or LaTeX Companion for explanation.
Type  H <return>  for immediate help.
 ...                                              
                                                  
l.8 \end{abstract}
                  
Your command was ignored.
Type  I <command> <return>  to replace it with another command,
or  <return>  to continue without it.

LaTeX Font Info:    Try loading font information for U+msa on input line 30.
(/usr/share/texmf-dist/tex/latex/amsfonts/umsa.fd
File: umsa.fd 2013/01/14 v3.01 AMS symbols A
)
(/usr/share/texmf-dist/tex/latex/microtype/mt-msa.cfg
File: mt-msa.cfg 2006/02/04 v1.1 microtype config. file: AMS symbols (a) (RS)
)
LaTeX Font Info:    Try loading font information for U+msb on input line 30.

(/usr/share/texmf-dist/tex/latex/amsfonts/umsb.fd
File: umsb.fd 2013/01/14 v3.01 AMS symbols B
)
(/usr/share/texmf-dist/tex/latex/microtype/mt-msb.cfg
File: mt-msb.cfg 2005/06/01 v1.0 microtype config. file: AMS symbols (b) (RS)
) [1

]
*********************************************************************
[2] [3] (./GaussPrinceMathematicians.aux) ) 
Here is how much of TeX's memory you used:
 40779 strings out of 492986
 900662 string characters out of 6138663
 1202235 words of memory out of 5000000
 43582 multiletter control sequences out of 15000+600000
 532139 words of font info for 31 fonts, out of 8000000 for 9000
 1141 hyphenation exceptions out of 8191
 81i,6n,98p,10900b,609s stack positions out of 5000i,500n,10000p,200000b,80000s

Output written on GaussPrinceMathematicians.dvi (3 pages, 8052 bytes).
